<?xml version="1.0" encoding="utf-8"?><testsuites name="pytest tests"><testsuite name="pytest" errors="0" failures="0" skipped="0" tests="39" time="7.496" timestamp="2026-07-04T08:43:58.437390+00:00" hostname="agent-env-60e73793-c6bc-439d-aa61-201f787e5303"><testcase classname="tests.test_feb2026_refactor.TestAuthNexus" name="test_register_missing_nexus_returns_422" time="0.113" /><testcase classname="tests.test_feb2026_refactor.TestAuthNexus" name="test_register_with_nexus_persists" time="0.732" /><testcase classname="tests.test_feb2026_refactor.TestAuthNexus" name="test_admin_login_returns_nexus_id" time="0.319" /><testcase classname="tests.test_feb2026_refactor.TestObjectStorage" name="test_avatar_upload_non_image_400" time="0.097" /><testcase classname="tests.test_feb2026_refactor.TestObjectStorage" name="test_avatar_upload_oversize_400" time="0.445" /><testcase classname="tests.test_feb2026_refactor.TestObjectStorage" name="test_avatar_upload_valid" time="1.211" /><testcase classname="tests.test_feb2026_refactor.TestAttendanceGating" name="test_future_hidden_for_member" time="0.093" /><testcase classname="tests.test_feb2026_refactor.TestAttendanceGating" name="test_future_visible_for_admin" time="0.096" /><testcase classname="tests.test_feb2026_refactor.TestAttendanceGating" name="test_mark_future_403" time="0.387" /><testcase classname="tests.test_feb2026_refactor.TestAttendanceGating" name="test_mark_past_403" time="0.188" /><testcase classname="tests.test_feb2026_refactor.TestAdminUserMgmt" name="test_member_cannot_patch_user" time="0.097" /><testcase classname="tests.test_feb2026_refactor.TestAdminUserMgmt" name="test_admin_patch_user_name" time="0.191" /><testcase classname="tests.test_feb2026_refactor.TestAdminUserMgmt" name="test_admin_cannot_delete_self" time="0.200" /><testcase classname="tests.test_feb2026_refactor.TestTeamsCRUD" name="test_create_update_delete_team" time="0.274" /><testcase classname="tests.test_feb2026_refactor.TestTeamsCRUD" name="test_delete_team_with_members_fails" time="0.515" /><testcase classname="tests.test_feb2026_refactor.TestSeasonBusiness" name="test_create_season_with_pv" time="0.097" /><testcase classname="tests.test_feb2026_refactor.TestSeasonBusiness" name="test_patch_season_updates_pv" time="0.104" /><testcase classname="tests.test_feb2026_refactor.TestSeasonBusiness" name="test_set_user_business" time="0.099" /><testcase classname="tests.test_feb2026_refactor.TestSeasonBusiness" name="test_business_totals" time="0.094" /><testcase classname="tests.test_feb2026_refactor.TestSeasonBusiness" name="test_finalize_season_snapshot" time="0.107" /><testcase classname="tests.test_feb2026_refactor.TestSeasonBusiness" name="test_list_season_history" time="0.090" /><testcase classname="tests.test_feb2026_refactor.TestSeasonBusiness" name="test_get_season_snapshot" time="0.102" /><testcase classname="tests.test_feb2026_refactor.TestFollowupTimeSlot" name="test_create_followup_with_timeslot" time="0.095" /><testcase classname="tests.test_feb2026_refactor.TestNotifications" name="test_notifications_shape" time="0.101" /><testcase classname="tests.test_feb2026_refactor.TestLeagueEnrichment" name="test_individual_league_new_fields" time="0.095" /><testcase classname="tests.test_feb2026_refactor.TestLeagueEnrichment" name="test_team_league_leader_fields" time="0.101" /><testcase classname="tests.test_feb2026_refactor.TestProfilePatch" name="test_patch_nexus_id" time="0.185" /><testcase classname="tests.test_feb2026_refactor.TestRegression" name="test_endpoint_loads[/prospects]" time="0.098" /><testcase classname="tests.test_feb2026_refactor.TestRegression" name="test_endpoint_loads[/followups]" time="0.098" /><testcase classname="tests.test_feb2026_refactor.TestRegression" name="test_endpoint_loads[/missions]" time="0.094" /><testcase classname="tests.test_feb2026_refactor.TestRegression" name="test_endpoint_loads[/tasks]" time="0.094" /><testcase classname="tests.test_feb2026_refactor.TestRegression" name="test_endpoint_loads[/event-attendance/week]" time="0.098" /><testcase classname="tests.test_feb2026_refactor.TestRegression" name="test_endpoint_loads[/goals]" time="0.091" /><testcase classname="tests.test_feb2026_refactor.TestRegression" name="test_endpoint_loads[/challenges]" time="0.087" /><testcase classname="tests.test_feb2026_refactor.TestRegression" name="test_endpoint_loads[/rewards]" time="0.091" /><testcase classname="tests.test_feb2026_refactor.TestRegression" name="test_endpoint_loads[/seasons]" time="0.092" /><testcase classname="tests.test_feb2026_refactor.TestRegression" name="test_endpoint_loads[/notifications]" time="0.097" /><testcase classname="tests.test_feb2026_refactor.TestZWipeLast" name="test_wipe_demo_data" time="0.105" /><testcase classname="tests.test_feb2026_refactor.TestZWipeLast" name="test_only_super_admin_remains" time="0.151" /></testsuite></testsuites>