<?xml version="1.0" encoding="utf-8"?><testsuites name="pytest tests"><testsuite name="pytest" errors="0" failures="0" skipped="0" tests="24" time="4.523" timestamp="2026-07-04T07:56:20.926664+00:00" hostname="agent-env-60e73793-c6bc-439d-aa61-201f787e5303"><testcase classname="tests.test_league_goals_badges.TestExports" name="test_csv_export[/exports/missions-params0]" time="0.762" /><testcase classname="tests.test_league_goals_badges.TestPositionBadges" name="test_catalog_returns_5_badges" time="0.758" /><testcase classname="tests.test_league_goals_badges.TestExports" name="test_csv_export[/exports/tasks-params1]" time="0.318" /><testcase classname="tests.test_league_goals_badges.TestPositionBadges" name="test_member_cannot_update_badges" time="0.518" /><testcase classname="tests.test_league_goals_badges.TestExports" name="test_csv_export[/exports/goals-params2]" time="0.098" /><testcase classname="tests.test_league_goals_badges.TestExports" name="test_csv_export[/exports/followups-params3]" time="0.148" /><testcase classname="tests.test_league_goals_badges.TestPositionBadges" name="test_admin_can_update_badges" time="0.404" /><testcase classname="tests.test_league_goals_badges.TestExports" name="test_csv_export[/exports/spartans-league-params4]" time="0.111" /><testcase classname="tests.test_league_goals_badges.TestExports" name="test_csv_export[/exports/spartans-league-params5]" time="0.142" /><testcase classname="tests.test_league_goals_badges.TestExports" name="test_pdf_export[/exports/missions-params0]" time="0.278" /><testcase classname="tests.test_league_goals_badges.TestPositionBadges" name="test_invalid_badge_rejected" time="0.282" /><testcase classname="tests.test_league_goals_badges.TestExports" name="test_pdf_export[/exports/tasks-params1]" time="0.104" /><testcase classname="tests.test_league_goals_badges.TestSpartansLeague" name="test_active_season" time="0.099" /><testcase classname="tests.test_league_goals_badges.TestExports" name="test_pdf_export[/exports/goals-params2]" time="0.107" /><testcase classname="tests.test_league_goals_badges.TestSpartansLeague" name="test_individual_league" time="0.096" /><testcase classname="tests.test_league_goals_badges.TestExports" name="test_pdf_export[/exports/followups-params3]" time="0.090" /><testcase classname="tests.test_league_goals_badges.TestSpartansLeague" name="test_team_league_weights_and_breakdown" time="0.128" /><testcase classname="tests.test_league_goals_badges.TestExports" name="test_pdf_export[/exports/spartans-league-params4]" time="0.113" /><testcase classname="tests.test_league_goals_badges.TestExports" name="test_pdf_export[/exports/spartans-league-params5]" time="0.103" /><testcase classname="tests.test_league_goals_badges.TestTeamLeaderAddMember" name="test_member_forbidden" time="0.165" /><testcase classname="tests.test_league_goals_badges.TestProfileFields" name="test_profile_completion_15_fields" time="0.138" /><testcase classname="tests.test_league_goals_badges.TestTeamLeaderAddMember" name="test_leader_can_add_member" time="0.939" /><testcase classname="tests.test_league_goals_badges.TestGoals" name="test_goals_crud_flow" time="1.369" /><testcase classname="tests.test_league_goals_badges.TestDashboardWidgets" name="test_widgets_shape" time="0.102" /></testsuite></testsuites>