<?xml version="1.0" encoding="utf-8"?><testsuites name="pytest tests"><testsuite name="pytest" errors="0" failures="0" skipped="0" tests="5" time="2.351" timestamp="2026-07-03T20:25:21.757187+00:00" hostname="agent-env-60e73793-c6bc-439d-aa61-201f787e5303"><testcase classname="tests.test_refactor_signup.TestTeamsPublic" name="test_requires_auth" time="0.254" /><testcase classname="tests.test_refactor_signup.TestTeamsPublic" name="test_member_can_list_teams" time="0.750" /><testcase classname="tests.test_refactor_signup.TestJoinTeam" name="test_join_team_updates_user" time="1.145" /><testcase classname="tests.test_refactor_signup.TestSimplifiedRegister" name="test_register_minimal_payload" time="0.866" /><testcase classname="tests.test_refactor_signup.TestJoinTeam" name="test_join_team_invalid" time="0.731" /></testsuite></testsuites>